<?xml version="1.0" encoding="UTF-8"?>
<!-- Generated by org.testng.reporters.JUnitReportReporter -->
<testsuite hostname="MPC40" failures="0" tests="14" name="tests.Perform_Rental_Without_Insurance" time="369.867" errors="1" timestamp="2022-12-09T18:55:37 IST" skipped="2">
  <testcase classname="tests.Perform_Rental_Without_Insurance" name="Login" time="31.631"/>
  <system-out/>
  <testcase classname="tests.Perform_Rental_Without_Insurance" name="CustomerListingScreen" time="0.000">
    <skipped/>
  </testcase> <!-- CustomerListingScreen -->
  <system-out/>
  <testcase classname="tests.Perform_Rental_Without_Insurance" name="CustomerInfo" time="63.736"/>
  <system-out/>
  <testcase classname="tests.Perform_Rental_Without_Insurance" name="RentalVerify" time="7.063"/>
  <system-out/>
  <testcase classname="tests.Perform_Rental_Without_Insurance" name="removeInsurance" time="34.076"/>
  <system-out/>
  <testcase classname="tests.Perform_Rental_Without_Insurance" name="ProspectsClickNewButton" time="23.098"/>
  <system-out/>
  <testcase classname="tests.Perform_Rental_Without_Insurance" name="ContactInfoScreen" time="25.854"/>
  <system-out/>
  <testcase classname="tests.Perform_Rental_Without_Insurance" name="setUp" time="12.622"/>
  <system-out/>
  <testcase classname="tests.Perform_Rental_Without_Insurance" name="UnitInfoScreen" time="73.783"/>
  <system-out/>
  <testcase classname="tests.Perform_Rental_Without_Insurance" name="DocumentScreen" time="44.002">
    <error message="element click intercepted: Element &lt;button _ngcontent-nqh-c31=&quot;&quot; class=&quot;btn btn-primary&quot; data-dismiss=&quot;modal&quot; type=&quot;button&quot;&gt;...&lt;/button&gt; is not clickable at point (1018, 436). Other element would receive the click: &lt;modal-container class=&quot;modal fade show&quot; role=&quot;dialog&quot; tabindex=&quot;-1&quot; aria-modal=&quot;true&quot; style=&quot;display: block;&quot;&gt;...&lt;/modal-container&gt;
  (Session info: chrome=108.0.5359.96)
Build info: version: &#039;4.4.0&#039;, revision: &#039;e5c75ed026a&#039;
System info: host: &#039;MPC40&#039;, ip: &#039;192.168.10.40&#039;, os.name: &#039;Windows 10&#039;, os.arch: &#039;amd64&#039;, os.version: &#039;10.0&#039;, java.version: &#039;18.0.2&#039;
Driver info: org.openqa.selenium.chrome.ChromeDriver
Command: [c937091d95920794bccf6b4dffecb9a1, clickElement {id=ea8a1243-b4a8-4532-94f0-6f1d851bed7b}]
Capabilities {acceptInsecureCerts: false, browserName: chrome, browserVersion: 108.0.5359.96, chrome: {chromedriverVersion: 108.0.5359.71 (1e0e3868ee06..., userDataDir: C:\Users\anushree\AppData\L...}, goog:chromeOptions: {debuggerAddress: localhost:58871}, networkConnectionEnabled: false, pageLoadStrategy: normal, platformName: WINDOWS, proxy: Proxy(), se:cdp: ws://localhost:58871/devtoo..., se:cdpVersion: 108.0.5359.96, setWindowRect: true, strictFileInteractability: false, timeouts: {implicit: 0, pageLoad: 300000, script: 30000}, unhandledPromptBehavior: dismiss and notify, webauthn:extension:credBlob: true, webauthn:extension:largeBlob: true, webauthn:virtualAuthenticators: true}
Element: [[ChromeDriver: chrome on WINDOWS (c937091d95920794bccf6b4dffecb9a1)] -&gt; xpath: (//span[contains(text(),&quot;Document Processed&quot;)]/following::button[contains(text(),&quot;OK&quot;)])[1]]
Session ID: c937091d95920794bccf6b4dffecb9a1" type="org.openqa.selenium.ElementClickInterceptedException">
      <![CDATA[org.openqa.selenium.ElementClickInterceptedException: element click intercepted: Element <button _ngcontent-nqh-c31="" class="btn btn-primary" data-dismiss="modal" type="button">...</button> is not clickable at point (1018, 436). Other element would receive the click: <modal-container class="modal fade show" role="dialog" tabindex="-1" aria-modal="true" style="display: block;">...</modal-container>
  (Session info: chrome=108.0.5359.96)
Build info: version: '4.4.0', revision: 'e5c75ed026a'
System info: host: 'MPC40', ip: '192.168.10.40', os.name: 'Windows 10', os.arch: 'amd64', os.version: '10.0', java.version: '18.0.2'
Driver info: org.openqa.selenium.chrome.ChromeDriver
Command: [c937091d95920794bccf6b4dffecb9a1, clickElement {id=ea8a1243-b4a8-4532-94f0-6f1d851bed7b}]
Capabilities {acceptInsecureCerts: false, browserName: chrome, browserVersion: 108.0.5359.96, chrome: {chromedriverVersion: 108.0.5359.71 (1e0e3868ee06..., userDataDir: C:\Users\anushree\AppData\L...}, goog:chromeOptions: {debuggerAddress: localhost:58871}, networkConnectionEnabled: false, pageLoadStrategy: normal, platformName: WINDOWS, proxy: Proxy(), se:cdp: ws://localhost:58871/devtoo..., se:cdpVersion: 108.0.5359.96, setWindowRect: true, strictFileInteractability: false, timeouts: {implicit: 0, pageLoad: 300000, script: 30000}, unhandledPromptBehavior: dismiss and notify, webauthn:extension:credBlob: true, webauthn:extension:largeBlob: true, webauthn:virtualAuthenticators: true}
Element: [[ChromeDriver: chrome on WINDOWS (c937091d95920794bccf6b4dffecb9a1)] -> xpath: (//span[contains(text(),"Document Processed")]/following::button[contains(text(),"OK")])[1]]
Session ID: c937091d95920794bccf6b4dffecb9a1
at java.base/jdk.internal.reflect.DirectConstructorHandleAccessor.newInstance(DirectConstructorHandleAccessor.java:67)
at java.base/java.lang.reflect.Constructor.newInstanceWithCaller(Constructor.java:499)
at java.base/java.lang.reflect.Constructor.newInstance(Constructor.java:483)
at org.openqa.selenium.remote.codec.w3c.W3CHttpResponseCodec.createException(W3CHttpResponseCodec.java:200)
at org.openqa.selenium.remote.codec.w3c.W3CHttpResponseCodec.decode(W3CHttpResponseCodec.java:133)
at org.openqa.selenium.remote.codec.w3c.W3CHttpResponseCodec.decode(W3CHttpResponseCodec.java:53)
at org.openqa.selenium.remote.HttpCommandExecutor.execute(HttpCommandExecutor.java:184)
at org.openqa.selenium.remote.service.DriverCommandExecutor.invokeExecute(DriverCommandExecutor.java:167)
at org.openqa.selenium.remote.service.DriverCommandExecutor.execute(DriverCommandExecutor.java:142)
at org.openqa.selenium.remote.RemoteWebDriver.execute(RemoteWebDriver.java:547)
at org.openqa.selenium.remote.RemoteWebElement.execute(RemoteWebElement.java:257)
at org.openqa.selenium.remote.RemoteWebElement.click(RemoteWebElement.java:78)
at pages.DocumentScreenGen.clickNextButton(DocumentScreenGen.java:43)
at tests.Perform_Rental_Without_Insurance.DocumentScreen(Perform_Rental_Without_Insurance.java:118)
at java.base/jdk.internal.reflect.DirectMethodHandleAccessor.invoke(DirectMethodHandleAccessor.java:104)
at java.base/java.lang.reflect.Method.invoke(Method.java:577)
at org.testng.internal.MethodInvocationHelper.invokeMethod(MethodInvocationHelper.java:133)
at org.testng.internal.TestInvoker.invokeMethod(TestInvoker.java:598)
at org.testng.internal.TestInvoker.invokeTestMethod(TestInvoker.java:173)
at org.testng.internal.MethodRunner.runInSequence(MethodRunner.java:46)
at org.testng.internal.TestInvoker$MethodInvocationAgent.invoke(TestInvoker.java:824)
at org.testng.internal.TestInvoker.invokeTestMethods(TestInvoker.java:146)
at org.testng.internal.TestMethodWorker.invokeTestMethods(TestMethodWorker.java:146)
at org.testng.internal.TestMethodWorker.run(TestMethodWorker.java:128)
at java.base/java.util.ArrayList.forEach(ArrayList.java:1511)
at org.testng.TestRunner.privateRun(TestRunner.java:794)
at org.testng.TestRunner.run(TestRunner.java:596)
at org.testng.SuiteRunner.runTest(SuiteRunner.java:377)
at org.testng.SuiteRunner.runSequentially(SuiteRunner.java:371)
at org.testng.SuiteRunner.privateRun(SuiteRunner.java:332)
at org.testng.SuiteRunner.run(SuiteRunner.java:276)
at org.testng.SuiteRunnerWorker.runSuite(SuiteRunnerWorker.java:53)
at org.testng.SuiteRunnerWorker.run(SuiteRunnerWorker.java:96)
at org.testng.TestNG.runSuitesSequentially(TestNG.java:1212)
at org.testng.TestNG.runSuitesLocally(TestNG.java:1134)
at org.testng.TestNG.runSuites(TestNG.java:1063)
at org.testng.TestNG.run(TestNG.java:1031)
at org.testng.remote.AbstractRemoteTestNG.run(AbstractRemoteTestNG.java:115)
at org.testng.remote.RemoteTestNG.initAndRun(RemoteTestNG.java:251)
at org.testng.remote.RemoteTestNG.main(RemoteTestNG.java:77)
]]>
    </error>
  </testcase> <!-- DocumentScreen -->
  <system-out/>
  <testcase classname="tests.Perform_Rental_Without_Insurance" name="ClickCompleteRental" time="0.431"/>
  <system-out/>
  <testcase classname="tests.Perform_Rental_Without_Insurance" name="AddDemographic" time="21.382"/>
  <system-out/>
  <testcase classname="tests.Perform_Rental_Without_Insurance" name="PaymentScreen" time="32.189"/>
  <system-out/>
  <testcase classname="tests.Perform_Rental_Without_Insurance" name="UnitInfoAfterTransaction" time="0.000">
    <skipped/>
  </testcase> <!-- UnitInfoAfterTransaction -->
  <system-out/>
</testsuite> <!-- tests.Perform_Rental_Without_Insurance -->
